<?xml version="1.0" encoding="UTF-8"?>
<testng-results ignored="0" total="1" passed="1" failed="0" skipped="0">
  <reporter-output>
  </reporter-output>
  <suite started-at="2021-05-09T16:08:33Z" name="Default suite" finished-at="2021-05-09T16:09:02Z" duration-ms="28998">
    <groups>
    </groups>
    <test started-at="2021-05-09T16:08:33Z" name="Default test" finished-at="2021-05-09T16:09:02Z" duration-ms="28998">
      <class name="com.coco.test.GoRestApiTest">
        <test-method signature="createUser(java.lang.String, java.lang.String, java.lang.String, java.lang.String, java.lang.String, java.lang.String, java.lang.String, java.lang.String, java.lang.String, java.lang.String)[pri:0, instance:com.coco.test.GoRestApiTest@1f52eb6f]" started-at="2021-05-09T16:08:33Z" name="createUser" data-provider="csvData" finished-at="2021-05-09T16:09:02Z" duration-ms="28976" status="PASS">
          <params>
            <param index="0">
              <value>
                <![CDATA[test16]]>
              </value>
            </param>
            <param index="1">
              <value>
                <![CDATA[Female]]>
              </value>
            </param>
            <param index="2">
              <value>
                <![CDATA[test16@test.com]]>
              </value>
            </param>
            <param index="3">
              <value>
                <![CDATA[Active]]>
              </value>
            </param>
            <param index="4">
              <value>
                <![CDATA[test131]]>
              </value>
            </param>
            <param index="5">
              <value>
                <![CDATA[TITLE]]>
              </value>
            </param>
            <param index="6">
              <value>
                <![CDATA[BODY]]>
              </value>
            </param>
            <param index="7">
              <value>
                <![CDATA[NAME]]>
              </value>
            </param>
            <param index="8">
              <value>
                <![CDATA[EMAIL@email.com]]>
              </value>
            </param>
            <param index="9">
              <value>
                <![CDATA[COMBODY]]>
              </value>
            </param>
          </params>
          <reporter-output>
          </reporter-output>
        </test-method> <!-- createUser -->
      </class> <!-- com.coco.test.GoRestApiTest -->
    </test> <!-- Default test -->
  </suite> <!-- Default suite -->
</testng-results>
